0 info it worked if it ends with ok
1 verbose cli [ '/usr/bin/nodejs',
1 verbose cli   '/usr/bin/npm',
1 verbose cli   'install',
1 verbose cli   'foundation-site@6.2.0',
1 verbose cli   '--save-exact',
1 verbose cli   '--save-dev' ]
2 info using npm@2.15.11
3 info using node@v4.8.2
4 verbose install initial load of /home/karan/Sites/react/ReactWeatherApi/package.json
5 warn package.json boilerplate@1.0.0 No repository field.
6 warn package.json boilerplate@1.0.0 No README data
7 verbose installManyTop reading scoped package data from /home/karan/Sites/react/ReactWeatherApi/node_modules/axios/package.json
8 verbose installManyTop reading scoped package data from /home/karan/Sites/react/ReactWeatherApi/node_modules/babel-core/package.json
9 verbose installManyTop reading scoped package data from /home/karan/Sites/react/ReactWeatherApi/node_modules/babel-loader/package.json
10 verbose installManyTop reading scoped package data from /home/karan/Sites/react/ReactWeatherApi/node_modules/babel-preset-es2015/package.json
11 verbose installManyTop reading scoped package data from /home/karan/Sites/react/ReactWeatherApi/node_modules/babel-preset-react/package.json
12 verbose installManyTop reading scoped package data from /home/karan/Sites/react/ReactWeatherApi/node_modules/babel-preset-stage-0/package.json
13 verbose installManyTop reading scoped package data from /home/karan/Sites/react/ReactWeatherApi/node_modules/css-loader/package.json
14 verbose installManyTop reading scoped package data from /home/karan/Sites/react/ReactWeatherApi/node_modules/express/package.json
15 verbose installManyTop reading scoped package data from /home/karan/Sites/react/ReactWeatherApi/node_modules/foundation-sites/package.json
16 verbose installManyTop reading scoped package data from /home/karan/Sites/react/ReactWeatherApi/node_modules/jquery/package.json
17 verbose installManyTop reading scoped package data from /home/karan/Sites/react/ReactWeatherApi/node_modules/react/package.json
18 verbose installManyTop reading scoped package data from /home/karan/Sites/react/ReactWeatherApi/node_modules/react-dom/package.json
19 verbose installManyTop reading scoped package data from /home/karan/Sites/react/ReactWeatherApi/node_modules/react-router/package.json
20 verbose installManyTop reading scoped package data from /home/karan/Sites/react/ReactWeatherApi/node_modules/script-loader/package.json
21 verbose installManyTop reading scoped package data from /home/karan/Sites/react/ReactWeatherApi/node_modules/style-loader/package.json
22 verbose installManyTop reading scoped package data from /home/karan/Sites/react/ReactWeatherApi/node_modules/webpack/package.json
23 info package.json script-loader@0.6.1 No license field.
24 verbose readDependencies loading dependencies from /home/karan/Sites/react/ReactWeatherApi/package.json
25 silly cache add args [ 'foundation-site@6.2.0', null ]
26 verbose cache add spec foundation-site@6.2.0
27 silly cache add parsed spec Result {
27 silly cache add   raw: 'foundation-site@6.2.0',
27 silly cache add   scope: null,
27 silly cache add   name: 'foundation-site',
27 silly cache add   rawSpec: '6.2.0',
27 silly cache add   spec: '6.2.0',
27 silly cache add   type: 'version' }
28 silly addNamed foundation-site@6.2.0
29 verbose addNamed "6.2.0" is a plain semver version for foundation-site
30 silly mapToRegistry name foundation-site
31 silly mapToRegistry using default registry
32 silly mapToRegistry registry https://registry.npmjs.org/
33 silly mapToRegistry data Result {
33 silly mapToRegistry   raw: 'foundation-site',
33 silly mapToRegistry   scope: null,
33 silly mapToRegistry   name: 'foundation-site',
33 silly mapToRegistry   rawSpec: '',
33 silly mapToRegistry   spec: 'latest',
33 silly mapToRegistry   type: 'tag' }
34 silly mapToRegistry uri https://registry.npmjs.org/foundation-site
35 verbose addNameVersion registry:https://registry.npmjs.org/foundation-site not in flight; fetching
36 verbose request uri https://registry.npmjs.org/foundation-site
37 verbose request no auth needed
38 info attempt registry request try #1 at 3:51:49 AM
39 verbose request id 85cfaf732c402aed
40 http request GET https://registry.npmjs.org/foundation-site
41 http 404 https://registry.npmjs.org/foundation-site
42 verbose headers { 'content-type': 'application/json',
42 verbose headers   'cache-control': 'max-age=0',
42 verbose headers   'content-length': '2',
42 verbose headers   'accept-ranges': 'bytes',
42 verbose headers   date: 'Fri, 09 Jun 2017 07:51:50 GMT',
42 verbose headers   via: '1.1 varnish',
42 verbose headers   age: '0',
42 verbose headers   connection: 'keep-alive',
42 verbose headers   'x-served-by': 'cache-mia1324-MIA',
42 verbose headers   'x-cache': 'MISS',
42 verbose headers   'x-cache-hits': '0',
42 verbose headers   'x-timer': 'S1496994710.978829,VS0,VE635',
42 verbose headers   vary: 'Accept-Encoding' }
43 silly get cb [ 404,
43 silly get   { 'content-type': 'application/json',
43 silly get     'cache-control': 'max-age=0',
43 silly get     'content-length': '2',
43 silly get     'accept-ranges': 'bytes',
43 silly get     date: 'Fri, 09 Jun 2017 07:51:50 GMT',
43 silly get     via: '1.1 varnish',
43 silly get     age: '0',
43 silly get     connection: 'keep-alive',
43 silly get     'x-served-by': 'cache-mia1324-MIA',
43 silly get     'x-cache': 'MISS',
43 silly get     'x-cache-hits': '0',
43 silly get     'x-timer': 'S1496994710.978829,VS0,VE635',
43 silly get     vary: 'Accept-Encoding' } ]
44 verbose stack Error: Registry returned 404 for GET on https://registry.npmjs.org/foundation-site
44 verbose stack     at makeError (/usr/lib/node_modules/npm/node_modules/npm-registry-client/lib/request.js:302:12)
44 verbose stack     at CachingRegistryClient.<anonymous> (/usr/lib/node_modules/npm/node_modules/npm-registry-client/lib/request.js:280:14)
44 verbose stack     at Request._callback (/usr/lib/node_modules/npm/node_modules/npm-registry-client/lib/request.js:210:14)
44 verbose stack     at Request.self.callback (/usr/lib/node_modules/npm/node_modules/request/request.js:187:22)
44 verbose stack     at emitTwo (events.js:87:13)
44 verbose stack     at Request.emit (events.js:172:7)
44 verbose stack     at Request.<anonymous> (/usr/lib/node_modules/npm/node_modules/request/request.js:1044:10)
44 verbose stack     at emitOne (events.js:77:13)
44 verbose stack     at Request.emit (events.js:169:7)
44 verbose stack     at IncomingMessage.<anonymous> (/usr/lib/node_modules/npm/node_modules/request/request.js:965:12)
45 verbose statusCode 404
46 verbose pkgid foundation-site
47 verbose cwd /home/karan/Sites/react/ReactWeatherApi
48 error Linux 4.8.0-54-generic
49 error argv "/usr/bin/nodejs" "/usr/bin/npm" "install" "foundation-site@6.2.0" "--save-exact" "--save-dev"
50 error node v4.8.2
51 error npm  v2.15.11
52 error code E404
53 error 404 Registry returned 404 for GET on https://registry.npmjs.org/foundation-site
53 error 404
53 error 404 'foundation-site' is not in the npm registry.
53 error 404 You should bug the author to publish it (or use the name yourself!)
53 error 404 It was specified as a dependency of 'boilerplate'
53 error 404
53 error 404 Note that you can also install from a
53 error 404 tarball, folder, http url, or git url.
54 verbose exit [ 1, true ]
